[22:09:23] [main/INFO]: Loading Minecraft 1.20.1 with Fabric Loader 0.16.3
[22:09:23] [main/INFO]: Loading 4 mods:
	- fabricloader 0.16.3
	   \-- mixinextras 0.4.1
	- java 17
	- minecraft 1.20.1
[22:09:23] [main/INFO]: SpongePowered MIXIN Subsystem Version=0.8.7 Source=file:/workspaces/mynecraft/servidor_minecraft/libraries/net/fabricmc/sponge-mixin/0.15.2+mixin.0.8.7/sponge-mixin-0.15.2+mixin.0.8.7.jar Service=Knot/Fabric Env=SERVER
[22:09:28] [main/INFO]: Environment: authHost='https://authserver.mojang.com', accountsHost='https://api.mojang.com', sessionHost='https://sessionserver.mojang.com', servicesHost='https://api.minecraftservices.com', name='PROD'
[22:09:29] [main/INFO]: Loaded 7 recipes
[22:09:29] [main/INFO]: Loaded 1271 advancements
[22:09:30] [Server thread/INFO]: Starting minecraft server version 1.20.1
[22:09:30] [Server thread/INFO]: Loading properties
[22:09:30] [Server thread/INFO]: Default game type: SURVIVAL
[22:09:30] [Server thread/INFO]: Generating keypair
[22:09:30] [Server thread/INFO]: Starting Minecraft server on *:25565
[22:09:30] [Server thread/INFO]: Using epoll channel type
[22:09:30] [Server thread/WARN]: **** SERVER IS RUNNING IN OFFLINE/INSECURE MODE!
[22:09:30] [Server thread/WARN]: The server will make no attempt to authenticate usernames. Beware.
[22:09:30] [Server thread/WARN]: While this makes the game possible to play without internet access, it also opens up the ability for hackers to connect with any username they choose.
[22:09:30] [Server thread/WARN]: To change this, set "online-mode" to "true" in the server.properties file.
[22:09:30] [Server thread/INFO]: Preparing level "world"
[22:09:36] [Server thread/INFO]: Preparing start region for dimension minecraft:overworld
[22:09:37] [Worker-Main-3/INFO]: Preparing spawn area: 0%
[22:09:37] [Worker-Main-1/INFO]: Preparing spawn area: 0%
[22:09:37] [Worker-Main-3/INFO]: Preparing spawn area: 0%
[22:09:38] [Worker-Main-2/INFO]: Preparing spawn area: 0%
[22:09:38] [Worker-Main-3/INFO]: Preparing spawn area: 0%
[22:09:39] [Worker-Main-3/INFO]: Preparing spawn area: 1%
[22:09:39] [Worker-Main-3/INFO]: Preparing spawn area: 1%
[22:09:40] [Worker-Main-3/INFO]: Preparing spawn area: 3%
[22:09:40] [Worker-Main-3/INFO]: Preparing spawn area: 3%
[22:09:41] [Worker-Main-3/INFO]: Preparing spawn area: 5%
[22:09:41] [Worker-Main-3/INFO]: Preparing spawn area: 6%
[22:09:42] [Worker-Main-1/INFO]: Preparing spawn area: 8%
[22:09:42] [Worker-Main-3/INFO]: Preparing spawn area: 10%
[22:09:43] [Worker-Main-2/INFO]: Preparing spawn area: 11%
[22:09:43] [Worker-Main-2/INFO]: Preparing spawn area: 12%
[22:09:44] [Worker-Main-2/INFO]: Preparing spawn area: 15%
[22:09:44] [Worker-Main-1/INFO]: Preparing spawn area: 16%
[22:09:45] [Worker-Main-1/INFO]: Preparing spawn area: 19%
[22:09:45] [Worker-Main-3/INFO]: Preparing spawn area: 21%
[22:09:46] [Worker-Main-3/INFO]: Preparing spawn area: 23%
[22:09:46] [Worker-Main-2/INFO]: Preparing spawn area: 27%
[22:09:47] [Worker-Main-3/INFO]: Preparing spawn area: 29%
[22:09:47] [Worker-Main-1/INFO]: Preparing spawn area: 32%
[22:09:48] [Worker-Main-3/INFO]: Preparing spawn area: 34%
[22:09:48] [Worker-Main-3/INFO]: Preparing spawn area: 37%
[22:09:49] [Worker-Main-3/INFO]: Preparing spawn area: 40%
[22:09:49] [Worker-Main-3/INFO]: Preparing spawn area: 43%
[22:09:50] [Worker-Main-2/INFO]: Preparing spawn area: 46%
[22:09:50] [Worker-Main-1/INFO]: Preparing spawn area: 48%
[22:09:51] [Worker-Main-3/INFO]: Preparing spawn area: 51%
[22:09:51] [Worker-Main-2/INFO]: Preparing spawn area: 55%
[22:09:52] [Worker-Main-1/INFO]: Preparing spawn area: 58%
[22:09:52] [Worker-Main-1/INFO]: Preparing spawn area: 61%
[22:09:53] [Worker-Main-1/INFO]: Preparing spawn area: 64%
[22:09:53] [Worker-Main-3/INFO]: Preparing spawn area: 67%
[22:09:54] [Worker-Main-1/INFO]: Preparing spawn area: 69%
[22:09:54] [Worker-Main-3/INFO]: Preparing spawn area: 71%
[22:09:55] [Worker-Main-3/INFO]: Preparing spawn area: 75%
[22:09:55] [Worker-Main-3/INFO]: Preparing spawn area: 78%
[22:09:56] [Worker-Main-2/INFO]: Preparing spawn area: 82%
[22:09:56] [Worker-Main-2/INFO]: Preparing spawn area: 84%
[22:09:57] [Worker-Main-1/INFO]: Preparing spawn area: 87%
[22:09:57] [Worker-Main-3/INFO]: Preparing spawn area: 90%
[22:09:58] [Worker-Main-3/INFO]: Preparing spawn area: 92%
[22:09:58] [Worker-Main-1/INFO]: Preparing spawn area: 96%
[22:09:58] [Server thread/INFO]: Time elapsed: 22366 ms
[22:09:58] [Server thread/INFO]: Done (28.331s)! For help, type "help"
[22:17:40] [Server thread/INFO]: CIzar[/127.36.132.14:47547] logged in with entity id 205 at (-188.5, 69.0, 66.5)
[22:17:40] [Server thread/INFO]: CIzar joined the game
[22:18:27] [Server thread/INFO]: CIzar lost connection: Disconnected
[22:18:27] [Server thread/INFO]: CIzar left the game
